SF:lib/data/models/tv_model.dart
DA:5,5
DA:31,4
DA:32,2
DA:33,2
DA:34,8
DA:35,2
DA:36,2
DA:37,2
DA:38,2
DA:39,4
DA:40,2
DA:41,4
DA:42,2
DA:45,2
DA:46,1
DA:47,1
DA:48,4
DA:49,1
DA:50,1
DA:51,1
DA:52,1
DA:53,1
DA:54,1
DA:55,1
DA:56,1
DA:59,2
DA:60,2
DA:61,2
DA:62,2
DA:63,2
DA:64,2
DA:65,2
DA:66,2
DA:67,2
DA:68,2
DA:69,2
DA:70,2
DA:71,2
DA:75,2
DA:76,2
DA:77,2
DA:78,2
DA:79,2
DA:80,2
DA:81,2
DA:82,2
DA:83,2
DA:84,2
DA:85,2
DA:86,2
DA:87,2
LF:51
LH:51
end_of_record
SF:lib/data/models/tv_response.dart
DA:7,3
DA:9,4
DA:10,4
DA:11,6
DA:12,6
DA:15,2
DA:16,5
DA:19,1
DA:20,2
LF:9
LH:9
end_of_record
SF:lib/data/datasources/db/tv_database_helper.dart
DA:8,0
DA:12,0
DA:13,0
DA:17,0
DA:18,0
DA:24,0
DA:25,0
DA:26,0
DA:28,0
DA:32,0
DA:33,0
DA:40,0
DA:43,0
DA:44,0
DA:45,0
DA:48,0
DA:49,0
DA:50,0
DA:53,0
DA:57,0
DA:58,0
DA:59,0
DA:62,0
DA:64,0
DA:65,0
DA:71,0
DA:72,0
DA:73,0
LF:28
LH:0
end_of_record
SF:lib/data/models/tv_table.dart
DA:11,17
DA:18,2
DA:19,1
DA:20,1
DA:21,1
DA:22,1
DA:25,2
DA:26,1
DA:27,1
DA:28,1
DA:29,1
DA:32,0
DA:33,0
DA:34,0
DA:35,0
DA:36,0
DA:39,2
DA:40,1
DA:41,1
DA:42,1
DA:43,1
DA:46,2
DA:47,10
LF:23
LH:18
end_of_record
SF:lib/data/datasources/tv_local_data_source.dart
DA:15,1
DA:18,1
DA:20,3
DA:23,2
DA:28,1
DA:30,3
DA:33,2
DA:38,1
DA:39,3
DA:41,1
DA:48,1
DA:49,3
DA:50,4
LF:13
LH:13
end_of_record
SF:lib/data/datasources/tv_remote_data_source.dart
DA:24,1
DA:27,1
DA:29,5
DA:31,2
DA:32,4
DA:34,1
DA:39,1
DA:40,5
DA:42,2
DA:43,3
DA:45,1
DA:50,1
DA:52,5
DA:54,2
DA:55,4
DA:57,1
DA:62,1
DA:63,5
DA:65,2
DA:66,4
DA:68,1
DA:73,1
DA:75,5
DA:77,2
DA:78,4
DA:80,1
DA:85,1
DA:87,5
DA:89,2
DA:90,4
DA:92,1
LF:31
LH:31
end_of_record
SF:lib/data/models/tv_detail_model.dart
DA:6,2
DA:38,1
DA:39,1
DA:40,1
DA:41,1
DA:42,1
DA:43,1
DA:44,4
DA:45,1
DA:46,1
DA:47,1
DA:48,1
DA:49,1
DA:50,1
DA:51,2
DA:52,1
DA:53,2
DA:54,1
DA:57,0
DA:58,0
DA:59,0
DA:60,0
DA:61,0
DA:62,0
DA:63,0
DA:64,0
DA:65,0
DA:66,0
DA:67,0
DA:68,0
DA:69,0
DA:70,0
DA:71,0
DA:74,1
DA:75,1
DA:76,1
DA:77,1
DA:78,1
DA:79,5
DA:80,1
DA:81,1
DA:82,1
DA:83,1
DA:84,1
DA:85,1
DA:86,1
DA:87,1
DA:88,1
DA:89,1
DA:93,1
DA:94,1
DA:95,1
DA:96,1
DA:97,1
DA:98,1
DA:99,1
DA:100,1
DA:101,1
DA:102,1
DA:103,1
DA:104,1
DA:105,1
DA:106,1
DA:107,1
DA:108,1
LF:65
LH:50
end_of_record
SF:lib/domain/entities/tv_detail.dart
DA:5,16
DA:37,2
DA:38,2
DA:39,2
DA:40,2
DA:41,2
DA:42,2
DA:43,2
DA:44,2
DA:45,2
DA:46,2
DA:47,2
DA:48,2
DA:49,2
DA:50,2
DA:51,2
DA:52,2
LF:17
LH:17
end_of_record
SF:lib/domain/entities/tv.dart
DA:4,12
DA:18,1
DA:37,8
DA:38,8
DA:39,8
DA:40,8
DA:41,8
DA:42,8
DA:43,8
DA:44,8
DA:45,8
DA:46,8
DA:47,8
DA:48,8
DA:49,8
LF:15
LH:15
end_of_record
SF:lib/domain/usecases/search_tv.dart
DA:9,1
DA:11,1
DA:12,2
LF:3
LH:3
end_of_record
SF:lib/data/repositories/tv_repository_impl.dart
DA:17,1
DA:23,1
DA:25,3
DA:26,5
DA:27,1
DA:29,1
DA:35,1
DA:37,3
DA:38,2
DA:39,1
DA:41,1
DA:47,1
DA:49,3
DA:50,3
DA:51,1
DA:53,1
DA:59,1
DA:61,3
DA:62,5
DA:63,1
DA:65,1
DA:71,1
DA:73,3
DA:74,5
DA:75,1
DA:77,1
DA:83,1
DA:85,3
DA:86,5
DA:87,1
DA:89,1
DA:95,1
DA:98,4
DA:99,1
DA:100,1
DA:101,3
DA:108,1
DA:111,4
DA:112,1
DA:113,1
DA:114,3
DA:119,1
DA:120,3
DA:125,1
DA:126,3
DA:127,5
LF:46
LH:46
end_of_record
SF:lib/domain/usecases/get_now_playing_tv.dart
DA:9,1
DA:11,1
DA:12,2
LF:3
LH:3
end_of_record
SF:lib/domain/usecases/get_popular_tv.dart
DA:9,1
DA:11,1
DA:12,2
LF:3
LH:3
end_of_record
SF:lib/domain/usecases/get_tv_recommendations.dart
DA:9,1
DA:11,1
DA:12,2
LF:3
LH:3
end_of_record
SF:lib/domain/usecases/get_top_rated_tv.dart
DA:9,1
DA:11,1
DA:12,2
LF:3
LH:3
end_of_record
SF:lib/domain/usecases/remove_watchlist_tv.dart
DA:9,1
DA:11,1
DA:12,2
LF:3
LH:3
end_of_record
SF:lib/domain/usecases/save_watchlist_tv.dart
DA:9,1
DA:11,1
DA:12,2
LF:3
LH:3
end_of_record
SF:lib/domain/usecases/get_watchlist_tv_status.dart
DA:6,1
DA:8,1
DA:9,2
LF:3
LH:3
end_of_record
SF:lib/domain/usecases/get_watchlist_tv.dart
DA:9,1
DA:11,1
DA:12,2
LF:3
LH:3
end_of_record
SF:lib/domain/usecases/get_tv_detail.dart
DA:9,1
DA:11,1
DA:12,2
LF:3
LH:3
end_of_record
SF:lib/presentation/bloc/tv_popular/tv_popular_bloc.dart
DA:12,3
DA:13,1
DA:14,1
DA:15,2
DA:17,3
DA:19,1
DA:20,1
DA:21,3
DA:23,1
DA:24,2
LF:10
LH:10
end_of_record
SF:lib/presentation/bloc/tv_popular/tv_popular_state.dart
DA:4,4
DA:6,1
DA:7,1
DA:17,3
DA:19,1
DA:20,2
DA:26,2
DA:28,1
DA:29,2
LF:9
LH:9
end_of_record
SF:lib/presentation/bloc/tv_popular/tv_popular_event.dart
DA:4,2
DA:6,0
DA:7,0
LF:3
LH:1
end_of_record
SF:lib/presentation/bloc/tv_detail/tv_detail_event.dart
DA:4,2
DA:6,0
DA:7,0
DA:13,2
DA:15,0
DA:16,0
LF:6
LH:2
end_of_record
SF:lib/presentation/bloc/tv_detail/tv_detail_state.dart
DA:4,3
DA:6,1
DA:7,1
DA:17,2
DA:19,1
DA:20,2
DA:26,3
DA:28,1
DA:29,2
LF:9
LH:9
end_of_record
SF:lib/presentation/bloc/tv_detail/tv_detail_bloc.dart
DA:12,3
DA:13,1
DA:14,1
DA:15,1
DA:17,2
DA:18,3
DA:20,1
DA:21,1
DA:22,3
DA:24,1
DA:25,2
LF:11
LH:11
end_of_record
SF:lib/presentation/bloc/tv_recommendation/tv_recommendation_state.dart
DA:4,3
DA:6,1
DA:7,1
DA:17,2
DA:19,1
DA:20,2
DA:26,2
DA:28,1
DA:29,2
LF:9
LH:9
end_of_record
SF:lib/presentation/bloc/tv_recommendation/tv_recommendation_event.dart
DA:4,2
DA:6,0
DA:7,0
DA:13,2
DA:15,0
DA:16,0
LF:6
LH:2
end_of_record
SF:lib/presentation/bloc/tv_recommendation/tv_recommendation_bloc.dart
DA:13,1
DA:14,2
DA:15,2
DA:16,1
DA:18,2
DA:20,3
DA:22,1
DA:23,4
DA:24,3
LF:9
LH:9
end_of_record
SF:lib/presentation/bloc/tv_watchlist/tv_watchlist_event.dart
DA:4,2
DA:6,0
DA:7,0
DA:15,0
DA:17,0
DA:18,0
DA:24,0
DA:26,0
DA:27,0
DA:33,1
DA:35,0
DA:36,0
LF:12
LH:2
end_of_record
SF:lib/presentation/bloc/tv_watchlist/tv_watchlist_state.dart
DA:4,11
DA:6,1
DA:7,1
DA:17,2
DA:19,1
DA:20,2
DA:26,1
DA:28,1
DA:29,2
DA:35,0
DA:37,0
DA:38,0
DA:44,8
DA:46,0
DA:47,0
DA:53,1
DA:55,0
DA:56,0
LF:18
LH:11
end_of_record
SF:lib/presentation/bloc/tv_watchlist/tv_watchlist_bloc.dart
DA:19,1
DA:21,2
DA:22,1
DA:23,1
DA:24,2
DA:25,3
DA:27,1
DA:28,1
DA:29,3
DA:31,1
DA:32,2
DA:37,1
DA:38,0
DA:39,0
DA:41,0
DA:43,1
DA:44,0
DA:46,0
DA:48,0
DA:49,0
DA:50,0
DA:53,0
DA:56,1
DA:57,0
DA:59,0
DA:60,0
DA:61,0
DA:62,0
DA:63,0
DA:65,0
LF:30
LH:14
end_of_record
SF:lib/presentation/pages/tv_detail_page.dart
DA:17,1
DA:19,1
DA:20,1
DA:24,1
DA:26,1
DA:27,2
DA:28,2
DA:29,4
DA:30,2
DA:31,4
DA:32,2
DA:33,4
DA:37,1
DA:39,1
DA:40,1
DA:41,1
DA:42,1
DA:46,1
DA:47,1
DA:48,1
DA:49,1
DA:53,0
DA:54,0
DA:56,0
DA:67,2
DA:69,1
DA:71,3
DA:72,1
DA:73,1
DA:74,1
DA:75,3
DA:77,1
DA:80,0
DA:82,1
DA:84,1
DA:85,1
DA:86,1
DA:96,1
DA:97,1
DA:98,1
DA:100,1
DA:102,1
DA:104,1
DA:105,1
DA:106,2
DA:107,1
DA:109,1
DA:110,0
DA:111,0
DA:112,0
DA:113,0
DA:114,0
DA:115,0
DA:117,0
DA:118,0
DA:119,0
DA:125,1
DA:126,1
DA:127,0
DA:128,0
DA:129,0
DA:131,0
DA:132,0
DA:133,0
DA:135,0
DA:136,0
DA:140,1
DA:142,1
DA:143,1
DA:144,2
DA:145,1
DA:146,2
DA:147,1
DA:148,1
DA:157,1
DA:158,3
DA:163,1
DA:164,1
DA:165,1
DA:166,3
DA:168,1
DA:174,4
DA:180,1
DA:182,1
DA:183,1
DA:184,1
DA:185,1
DA:187,1
DA:189,1
DA:190,3
DA:191,1
DA:195,1
DA:196,1
DA:197,1
DA:199,1
DA:201,1
DA:202,3
DA:203,1
DA:212,1
DA:214,1
DA:216,1
DA:217,2
DA:220,1
DA:222,1
DA:224,1
DA:226,1
DA:227,1
DA:231,1
DA:232,0
DA:233,1
DA:234,1
DA:236,1
DA:238,1
DA:239,2
DA:240,1
DA:242,1
DA:243,0
DA:244,0
DA:247,0
DA:250,1
DA:255,1
DA:257,2
DA:258,1
DA:264,0
DA:271,2
DA:275,0
DA:283,1
DA:285,1
DA:300,1
DA:302,1
DA:305,1
DA:307,0
DA:308,0
DA:317,1
DA:319,2
DA:320,3
DA:323,1
DA:327,3
LF:138
LH:109
end_of_record
SF:lib/presentation/bloc/tv_top_rated/tv_top_rated_state.dart
DA:4,4
DA:6,1
DA:7,1
DA:17,3
DA:19,1
DA:20,2
DA:26,2
DA:28,1
DA:29,2
LF:9
LH:9
end_of_record
SF:lib/presentation/bloc/tv_top_rated/tv_top_rated_event.dart
DA:4,2
DA:6,0
DA:7,0
LF:3
LH:1
end_of_record
SF:lib/presentation/bloc/tv_top_rated/tv_top_rated_bloc.dart
DA:12,3
DA:13,1
DA:14,1
DA:15,2
DA:17,3
DA:19,1
DA:20,1
DA:21,3
DA:23,1
DA:24,2
LF:10
LH:10
end_of_record
SF:lib/presentation/pages/top_rated_tv_page.dart
DA:9,1
DA:11,1
DA:12,1
DA:16,1
DA:18,1
DA:19,2
DA:20,2
DA:21,2
DA:24,1
DA:26,1
DA:27,1
DA:30,1
DA:32,1
DA:33,1
DA:34,1
DA:38,1
DA:39,1
DA:40,1
DA:41,2
DA:42,1
DA:44,2
DA:46,1
DA:47,1
DA:49,2
LF:24
LH:24
end_of_record
SF:lib/presentation/widgets/tv_card_list.dart
DA:11,4
DA:13,2
DA:15,2
DA:17,2
DA:18,0
DA:19,0
DA:22,0
DA:25,2
DA:27,2
DA:28,2
DA:29,2
DA:35,2
DA:37,2
DA:38,2
DA:39,4
DA:42,2
DA:45,2
DA:46,4
DA:54,2
DA:59,2
DA:60,2
DA:61,6
DA:63,2
DA:66,0
LF:24
LH:20
end_of_record
SF:lib/presentation/pages/popular_tv_page.dart
DA:9,1
DA:11,1
DA:12,1
DA:16,1
DA:18,1
DA:19,2
DA:20,2
DA:21,2
DA:24,1
DA:26,1
DA:27,1
DA:30,1
DA:32,1
DA:33,1
DA:34,1
DA:38,1
DA:39,1
DA:40,1
DA:41,2
DA:42,1
DA:44,2
DA:46,1
DA:47,1
DA:49,2
LF:24
LH:24
end_of_record
SF:lib/presentation/bloc/tv_now_playing/tv_now_playing_bloc.dart
DA:12,3
DA:13,1
DA:14,1
DA:15,2
DA:17,3
DA:19,1
DA:20,1
DA:21,3
DA:23,1
DA:24,2
LF:10
LH:10
end_of_record
SF:lib/presentation/bloc/tv_now_playing/tv_now_playing_state.dart
DA:4,2
DA:6,1
DA:7,1
DA:17,2
DA:19,1
DA:20,2
DA:26,1
DA:28,1
DA:29,2
LF:9
LH:9
end_of_record
SF:lib/presentation/bloc/tv_now_playing/tv_now_playing_event.dart
DA:4,1
DA:6,0
DA:7,0
LF:3
LH:1
end_of_record
SF:lib/presentation/bloc/tv_search/search_state.dart
DA:4,2
DA:6,1
DA:7,1
DA:17,2
DA:19,1
DA:20,2
DA:26,1
DA:28,1
DA:29,2
LF:9
LH:9
end_of_record
SF:lib/presentation/bloc/tv_search/search_event.dart
DA:4,1
DA:6,0
DA:7,0
DA:13,1
DA:15,0
DA:16,0
DA:19,1
DA:20,3
LF:8
LH:4
end_of_record
SF:lib/presentation/bloc/tv_search/search_bloc.dart
DA:13,3
DA:14,2
DA:15,1
DA:17,2
DA:18,3
DA:20,1
DA:21,1
DA:22,3
DA:24,1
DA:25,2
DA:28,1
LF:11
LH:11
end_of_record
